<?xml version="1.0" encoding="UTF-8"?>
<testsuite name="com.brakefield.grpc.library.MyServiceTest" tests="1" skipped="0" failures="0" errors="0" timestamp="2020-03-06T06:15:17" hostname="Surface-Pro" time="0.834">
  <properties/>
  <testcase name="contextLoads()" classname="com.brakefield.grpc.library.MyServiceTest" time="0.834"/>
  <system-out><![CDATA[00:15:09.626 [Test worker] DEBUG org.springframework.test.context.BootstrapUtils - Instantiating CacheAwareContextLoaderDelegate from class [org.springframework.test.context.cache.DefaultCacheAwareContextLoaderDelegate]
00:15:09.650 [Test worker] DEBUG org.springframework.test.context.BootstrapUtils - Instantiating BootstrapContext using constructor [public org.springframework.test.context.support.DefaultBootstrapContext(java.lang.Class,org.springframework.test.context.CacheAwareContextLoaderDelegate)]
00:15:09.694 [Test worker] DEBUG org.springframework.test.context.BootstrapUtils - Instantiating TestContextBootstrapper for test class [com.brakefield.grpc.library.MyServiceTest] from class [org.springframework.boot.test.context.SpringBootTestContextBootstrapper]
00:15:09.724 [Test worker] INFO org.springframework.boot.test.context.SpringBootTestContextBootstrapper - Neither @ContextConfiguration nor @ContextHierarchy found for test class [com.brakefield.grpc.library.MyServiceTest], using SpringBootContextLoader
00:15:09.735 [Test worker] DEBUG org.springframework.test.context.support.AbstractContextLoader - Did not detect default resource location for test class [com.brakefield.grpc.library.MyServiceTest]: class path resource [com/brakefield/grpc/library/MyServiceTest-context.xml] does not exist
00:15:09.738 [Test worker] DEBUG org.springframework.test.context.support.AbstractContextLoader - Did not detect default resource location for test class [com.brakefield.grpc.library.MyServiceTest]: class path resource [com/brakefield/grpc/library/MyServiceTestContext.groovy] does not exist
00:15:09.739 [Test worker] INFO org.springframework.test.context.support.AbstractContextLoader - Could not detect default resource locations for test class [com.brakefield.grpc.library.MyServiceTest]: no resource found for suffixes {-context.xml, Context.groovy}.
00:15:09.883 [Test worker] DEBUG org.springframework.test.context.support.ActiveProfilesUtils - Could not find an 'annotation declaring class' for annotation type [org.springframework.test.context.ActiveProfiles] and class [com.brakefield.grpc.library.MyServiceTest]
00:15:10.054 [Test worker] DEBUG org.springframework.boot.test.context.SpringBootTestContextBootstrapper - @TestExecutionListeners is not present for class [com.brakefield.grpc.library.MyServiceTest]: using defaults.
00:15:10.055 [Test worker] INFO org.springframework.boot.test.context.SpringBootTestContextBootstrapper - Loaded default TestExecutionListener class names from location [META-INF/spring.factories]: [org.springframework.boot.test.autoconfigure.restdocs.RestDocsTestExecutionListener, org.springframework.boot.test.autoconfigure.web.client.MockRestServiceServerResetTestExecutionListener, org.springframework.boot.test.autoconfigure.web.servlet.MockMvcPrintOnlyOnFailureTestExecutionListener, org.springframework.boot.test.autoconfigure.web.servlet.WebDriverTestExecutionListener, org.springframework.boot.test.mock.mockito.MockitoTestExecutionListener, org.springframework.boot.test.mock.mockito.ResetMocksTestExecutionListener, org.springframework.test.context.web.ServletTestExecutionListener, org.springframework.test.context.support.DirtiesContextBeforeModesTestExecutionListener, org.springframework.test.context.support.DependencyInjectionTestExecutionListener, org.springframework.test.context.support.DirtiesContextTestExecutionListener, org.springframework.test.context.transaction.TransactionalTestExecutionListener, org.springframework.test.context.jdbc.SqlScriptsTestExecutionListener, org.springframework.test.context.event.EventPublishingTestExecutionListener]
00:15:10.071 [Test worker] DEBUG org.springframework.boot.test.context.SpringBootTestContextBootstrapper - Skipping candidate TestExecutionListener [org.springframework.test.context.transaction.TransactionalTestExecutionListener] due to a missing dependency. Specify custom listener classes or make the default listener classes and their required dependencies available. Offending class: [org/springframework/transaction/interceptor/TransactionAttributeSource]
00:15:10.073 [Test worker] DEBUG org.springframework.boot.test.context.SpringBootTestContextBootstrapper - Skipping candidate TestExecutionListener [org.springframework.test.context.jdbc.SqlScriptsTestExecutionListener] due to a missing dependency. Specify custom listener classes or make the default listener classes and their required dependencies available. Offending class: [org/springframework/transaction/interceptor/TransactionAttribute]
00:15:10.074 [Test worker] INFO org.springframework.boot.test.context.SpringBootTestContextBootstrapper - Using TestExecutionListeners: [org.springframework.test.context.web.ServletTestExecutionListener@25d6f727, org.springframework.test.context.support.DirtiesContextBeforeModesTestExecutionListener@14f294dd, org.springframework.boot.test.mock.mockito.MockitoTestExecutionListener@685377d, org.springframework.boot.test.autoconfigure.SpringBootDependencyInjectionTestExecutionListener@606cd15e, org.springframework.test.context.support.DirtiesContextTestExecutionListener@72117dbb, org.springframework.test.context.event.EventPublishingTestExecutionListener@72c55b58, org.springframework.boot.test.autoconfigure.restdocs.RestDocsTestExecutionListener@5d54a4a2, org.springframework.boot.test.autoconfigure.web.client.MockRestServiceServerResetTestExecutionListener@5bb46877, org.springframework.boot.test.autoconfigure.web.servlet.MockMvcPrintOnlyOnFailureTestExecutionListener@22b13a1f, org.springframework.boot.test.autoconfigure.web.servlet.WebDriverTestExecutionListener@7a76aa8a, org.springframework.boot.test.mock.mockito.ResetMocksTestExecutionListener@2ff60d2]
00:15:10.080 [Test worker] DEBUG org.springframework.test.context.support.AbstractDirtiesContextTestExecutionListener - Before test class: context [DefaultTestContext@50646f68 testClass = MyServiceTest, testInstance = [null], testMethod = [null], testException = [null], mergedContextConfiguration = [WebMergedContextConfiguration@6c082259 testClass = MyServiceTest, locations = '{}', classes = '{class com.brakefield.grpc.library.MyServiceTest$TestConfiguration}', contextInitializerClasses = '[]', activeProfiles = '{}', propertySourceLocations = '{}', propertySourceProperties = '{service.message=Hello, org.springframework.boot.test.context.SpringBootTestContextBootstrapper=true}', contextCustomizers = set[org.springframework.boot.test.autoconfigure.properties.PropertyMappingContextCustomizer@0, org.springframework.boot.test.autoconfigure.web.servlet.WebDriverContextCustomizerFactory$Customizer@3c211189, org.springframework.boot.test.context.filter.ExcludeFilterContextCustomizer@67e1affa, org.springframework.boot.test.json.DuplicateJsonObjectContextCustomizerFactory$DuplicateJsonObjectContextCustomizer@233154f4, org.springframework.boot.test.mock.mockito.MockitoContextCustomizer@0, org.springframework.boot.test.web.client.TestRestTemplateContextCustomizer@55eb2ed6], resourceBasePath = 'src/main/webapp', contextLoader = 'org.springframework.boot.test.context.SpringBootContextLoader', parent = [null]], attributes = map['org.springframework.test.context.web.ServletTestExecutionListener.activateListener' -> true]], class annotated with @DirtiesContext [false] with mode [null].
00:15:10.138 [Test worker] DEBUG org.springframework.test.context.support.TestPropertySourceUtils - Adding inlined properties to environment: {spring.jmx.enabled=false, service.message=Hello, org.springframework.boot.test.context.SpringBootTestContextBootstrapper=true, server.port=-1}

  .   ____          _            __ _ _
 /\\ / ___'_ __ _ _(_)_ __  __ _ \ \ \ \
( ( )\___ | '_ | '_| | '_ \/ _` | \ \ \ \
 \\/  ___)| |_)| | | | | || (_| |  ) ) ) )
  '  |____| .__|_| |_|_| |_\__, | / / / /
 =========|_|==============|___/=/_/_/_/
 :: Spring Boot ::        (v2.2.5.RELEASE)

2020-03-06 00:15:10.966  INFO 15060 --- [    Test worker] c.brakefield.grpc.library.MyServiceTest  : Starting MyServiceTest on Surface-Pro with PID 15060 (started by brett in C:\Users\brett\Documents\programming\grpc\complete\library)
2020-03-06 00:15:10.969  INFO 15060 --- [    Test worker] c.brakefield.grpc.library.MyServiceTest  : No active profile set, falling back to default profiles: default
2020-03-06 00:15:14.436  INFO 15060 --- [    Test worker] o.s.s.concurrent.ThreadPoolTaskExecutor  : Initializing ExecutorService 'applicationTaskExecutor'
2020-03-06 00:15:16.970  INFO 15060 --- [    Test worker] o.s.b.a.e.web.EndpointLinksResolver      : Exposing 2 endpoint(s) beneath base path '/actuator'
2020-03-06 00:15:17.092  INFO 15060 --- [    Test worker] c.brakefield.grpc.library.MyServiceTest  : Started MyServiceTest in 6.936 seconds (JVM running for 9.305)
]]></system-out>
  <system-err><![CDATA[]]></system-err>
</testsuite>
